[     341ms] [ERROR] Failed to load resource: the server responded with a status of 500 (Internal Server Error) @ http://localhost:3000/rides-to-polls:0
[     599ms] Error: Cannot find module './972.js'
Require stack:
- C:\Users\pkf428\DevProjs\pike2polls\.next\server\webpack-runtime.js
- C:\Users\pkf428\DevProjs\pike2polls\.next\server\pages\_document.js
- C:\Users\pkf428\DevProjs\pike2polls\node_modules\next\dist\server\require.js
- C:\Users\pkf428\DevProjs\pike2polls\node_modules\next\dist\server\load-components.js
- C:\Users\pkf428\DevProjs\pike2polls\node_modules\next\dist\build\utils.js
- C:\Users\pkf428\DevProjs\pike2polls\node_modules\next\dist\build\swc\options.js
- C:\Users\pkf428\DevProjs\pike2polls\node_modules\next\dist\build\swc\index.js
- C:\Users\pkf428\DevProjs\pike2polls\node_modules\next\dist\build\next-config-ts\transpile-config.js
- C:\Users\pkf428\DevProjs\pike2polls\node_modules\next\dist\server\config.js
- C:\Users\pkf428\DevProjs\pike2polls\node_modules\next\dist\server\next.js
- C:\Users\pkf428\DevProjs\pike2polls\node_modules\next\dist\server\lib\start-server.js
    at Module.<anonymous> (node:internal/modules/cjs/loader:1420:15)
    at <unknown> (file://C:\Users\pkf428\DevProjs\pike2polls\node_modules\next\dist\server\require-hook.js:57:36)
    at defaultResolveImpl (node:internal/modules/cjs/loader:1058:19)
    at resolveForCJSWithHooks (node:internal/modules/cjs/loader:1063:22)
    at Module._load (node:internal/modules/cjs/loader:1226:37)
    at TracingChannel.traceSync (node:diagnostics_channel:328:14)
    at wrapModuleLoad (node:internal/modules/cjs/loader:245:24)
    at Module.<anonymous> (node:internal/modules/cjs/loader:1503:12)
    at mod.require (file://C:\Users\pkf428\DevProjs\pike2polls\node_modules\next\dist\server\require-hook.js:68:28)
    at require (node:internal/modules/helpers:152:16)
    at __webpack_require__.f.require (file://C:\Users\pkf428\DevProjs\pike2polls\.next\server\webpack-runtime.js:190:28)
    at <unknown> (file://C:\Users\pkf428\DevProjs\pike2polls\.next\server\webpack-runtime.js:103:40)
    at Array.reduce (<anonymous>)
    at __webpack_require__.e (file://C:\Users\pkf428\DevProjs\pike2polls\.next\server\webpack-runtime.js:102:67)
    at Array.map (<anonymous>)
    at __webpack_require__.X (file://C:\Users\pkf428\DevProjs\pike2polls\.next\server\webpack-runtime.js:154:22)
    at <unknown> (file://C:\Users\pkf428\DevProjs\pike2polls\.next\server\app\rides-to-polls\page.js:2:215066)
    at Object.<anonymous> (file://C:\Users\pkf428\DevProjs\pike2polls\.next\server\app\rides-to-polls\page.js:2:215122)
    at Module._compile (node:internal/modules/cjs/loader:1760:14)
    at Object..js (node:internal/modules/cjs/loader:1892:10)
    at Module.load (node:internal/modules/cjs/loader:1480:32)
    at Module._load (node:internal/modules/cjs/loader:1299:12)
    at TracingChannel.traceSync (node:diagnostics_channel:328:14)
    at wrapModuleLoad (node:internal/modules/cjs/loader:245:24)
    at Module.<anonymous> (node:internal/modules/cjs/loader:1503:12)
    at mod.require (file://C:\Users\pkf428\DevProjs\pike2polls\node_modules\next\dist\server\require-hook.js:68:28)
    at require (node:internal/modules/helpers:152:16)
    at requirePage (file://C:\Users\pkf428\DevProjs\pike2polls\node_modules\next\dist\server\require.js:99:80)
    at loadComponentsImpl (file://C:\Users\pkf428\DevProjs\pike2polls\node_modules\next\dist\server\load-components.js:132:57)
    at async DevServer.findPageComponentsImpl (file://C:\Users\pkf428\DevProjs\pike2polls\node_modules\next\dist\server\next-server.js:899:36)
    at async DevServer.findPageComponents (file://C:\Users\pkf428\DevProjs\pike2polls\node_modules\next\dist\server\dev\next-dev-server.js:706:16)
    at async DevServer.renderPageComponent (file://C:\Users\pkf428\DevProjs\pike2polls\node_modules\next\dist\server\base-server.js:1460:24)
    at async DevServer.renderToResponseImpl (file://C:\Users\pkf428\DevProjs\pike2polls\node_modules\next\dist\server\base-server.js:1514:32)
    at async DevServer.pipeImpl (file://C:\Users\pkf428\DevProjs\pike2polls\node_modules\next\dist\server\base-server.js:1025:25)
    at async NextNodeServer.handleCatchallRenderRequest (file://C:\Users\pkf428\DevProjs\pike2polls\node_modules\next\dist\server\next-server.js:393:17)
    at async DevServer.handleRequestImpl (file://C:\Users\pkf428\DevProjs\pike2polls\node_modules\next\dist\server\base-server.js:916:17)
    at async (file://C:\Users\pkf428\DevProjs\pike2polls\node_modules\next\dist\server\dev\next-dev-server.js:400:20)
    at async Span.traceAsyncFn (file://C:\Users\pkf428\DevProjs\pike2polls\node_modules\next\dist\trace\trace.js:157:20)
    at async DevServer.handleRequest (file://C:\Users\pkf428\DevProjs\pike2polls\node_modules\next\dist\server\dev\next-dev-server.js:396:24)
    at async invokeRender (file://C:\Users\pkf428\DevProjs\pike2polls\node_modules\next\dist\server\lib\router-server.js:240:21)
    at async handleRequest (file://C:\Users\pkf428\DevProjs\pike2polls\node_modules\next\dist\server\lib\router-server.js:437:24)
    at async requestHandlerImpl (file://C:\Users\pkf428\DevProjs\pike2polls\node_modules\next\dist\server\lib\router-server.js:485:13)
    at async Server.requestListener (file://C:\Users\pkf428\DevProjs\pike2polls\node_modules\next\dist\server\lib\start-server.js:226:13)
